# JRE version: Java(TM) SE Runtime Environment (8.0_25-b18) (build 1.8.0_25-b18)
# Java VM: Java HotSpot(TM) 64-Bit Server VM (25.25-b02 mixed mode windows-amd64 compressed oops)
Heap:
 PSYoungGen      total 257536K, used 230912K [0x00000000eab00000, 0x00000000fca00000, 0x0000000100000000)
  eden space 230912K, 100% used [0x00000000eab00000,0x00000000f8c80000,0x00000000f8c80000)
  from space 26624K, 0% used [0x00000000f8c80000,0x00000000f8c80000,0x00000000fa680000)
  to   space 26112K, 63% used [0x00000000fb080000,0x00000000fc0b4040,0x00000000fca00000)
 ParOldGen       total 121344K, used 65443K [0x00000000c0000000, 0x00000000c7680000, 0x00000000eab00000)
  object space 121344K, 53% used [0x00000000c0000000,0x00000000c3fe8fc0,0x00000000c7680000)
 Metaspace       used 55962K, capacity 59820K, committed 60120K, reserved 1099776K
  class space    used 7841K, capacity 9160K, committed 9216K, reserved 1048576K
GC Heap History (10 events):
Event: 41.015 GC heap after
Heap after GC invocations=17 (full 2):
 PSYoungGen      total 189952K, used 13287K [0x00000000eab00000, 0x00000000fb800000, 0x0000000100000000)
  eden space 176640K, 0% used [0x00000000eab00000,0x00000000eab00000,0x00000000f5780000)
  from space 13312K, 99% used [0x00000000f5780000,0x00000000f6479fa0,0x00000000f6480000)
  to   space 17920K, 0% used [0x00000000fa680000,0x00000000fa680000,0x00000000fb800000)
 ParOldGen       total 59904K, used 32111K [0x00000000c0000000, 0x00000000c3a80000, 0x00000000eab00000)
  object space 59904K, 53% used [0x00000000c0000000,0x00000000c1f5bdb8,0x00000000c3a80000)
 Metaspace       used 40042K, capacity 41486K, committed 41560K, reserved 1085440K
  class space    used 5397K, capacity 5957K, committed 6016K, reserved 1048576K
}
Event: 45.018 GC heap before
{Heap before GC invocations=18 (full 2):
 PSYoungGen      total 189952K, used 189927K [0x00000000eab00000, 0x00000000fb800000, 0x0000000100000000)
  eden space 176640K, 100% used [0x00000000eab00000,0x00000000f5780000,0x00000000f5780000)
  from space 13312K, 99% used [0x00000000f5780000,0x00000000f6479fa0,0x00000000f6480000)
  to   space 17920K, 0% used [0x00000000fa680000,0x00000000fa680000,0x00000000fb800000)
 ParOldGen       total 59904K, used 32111K [0x00000000c0000000, 0x00000000c3a80000, 0x00000000eab00000)
  object space 59904K, 53% used [0x00000000c0000000,0x00000000c1f5bdb8,0x00000000c3a80000)
 Metaspace       used 46227K, capacity 48502K, committed 48728K, reserved 1091584K
  class space    used 6380K, capacity 7231K, committed 7296K, reserved 1048576K
Event: 45.123 GC heap after
Heap after GC invocations=18 (full 2):
 PSYoungGen      total 248832K, used 17910K [0x00000000eab00000, 0x00000000fcb00000, 0x0000000100000000)
  eden space 230912K, 0% used [0x00000000eab00000,0x00000000eab00000,0x00000000f8c80000)
  from space 17920K, 99% used [0x00000000fa680000,0x00000000fb7fda48,0x00000000fb800000)
  to   space 26624K, 0% used [0x00000000f8c80000,0x00000000f8c80000,0x00000000fa680000)
 ParOldGen       total 59904K, used 47149K [0x00000000c0000000, 0x00000000c3a80000, 0x00000000eab00000)
  object space 59904K, 78% used [0x00000000c0000000,0x00000000c2e0b7e8,0x00000000c3a80000)
 Metaspace       used 46227K, capacity 48502K, committed 48728K, reserved 1091584K
  class space    used 6380K, capacity 7231K, committed 7296K, reserved 1048576K
}
Event: 45.127 GC heap before
{Heap before GC invocations=19 (full 2):
 PSYoungGen      total 248832K, used 23627K [0x00000000eab00000, 0x00000000fcb00000, 0x0000000100000000)
  eden space 230912K, 2% used [0x00000000eab00000,0x00000000eb095580,0x00000000f8c80000)
  from space 17920K, 99% used [0x00000000fa680000,0x00000000fb7fda48,0x00000000fb800000)
  to   space 26624K, 0% used [0x00000000f8c80000,0x00000000f8c80000,0x00000000fa680000)
 ParOldGen       total 59904K, used 47149K [0x00000000c0000000, 0x00000000c3a80000, 0x00000000eab00000)
  object space 59904K, 78% used [0x00000000c0000000,0x00000000c2e0b7e8,0x00000000c3a80000)
 Metaspace       used 46228K, capacity 48502K, committed 48728K, reserved 1091584K
  class space    used 6380K, capacity 7231K, committed 7296K, reserved 1048576K
Event: 45.213 GC heap after
Heap after GC invocations=19 (full 2):
 PSYoungGen      total 257536K, used 32K [0x00000000eab00000, 0x00000000fca00000, 0x0000000100000000)
  eden space 230912K, 0% used [0x00000000eab00000,0x00000000eab00000,0x00000000f8c80000)
  from space 26624K, 0% used [0x00000000f8c80000,0x00000000f8c88000,0x00000000fa680000)
  to   space 26112K, 0% used [0x00000000fb080000,0x00000000fb080000,0x00000000fca00000)
 ParOldGen       total 65536K, used 64920K [0x00000000c0000000, 0x00000000c4000000, 0x00000000eab00000)
  object space 65536K, 99% used [0x00000000c0000000,0x00000000c3f66260,0x00000000c4000000)
 Metaspace       used 46228K, capacity 48502K, committed 48728K, reserved 1091584K
  class space    used 6380K, capacity 7231K, committed 7296K, reserved 1048576K
}
Event: 45.213 GC heap before
{Heap before GC invocations=20 (full 3):
 PSYoungGen      total 257536K, used 32K [0x00000000eab00000, 0x00000000fca00000, 0x0000000100000000)
  eden space 230912K, 0% used [0x00000000eab00000,0x00000000eab00000,0x00000000f8c80000)
  from space 26624K, 0% used [0x00000000f8c80000,0x00000000f8c88000,0x00000000fa680000)
  to   space 26112K, 0% used [0x00000000fb080000,0x00000000fb080000,0x00000000fca00000)
 ParOldGen       total 65536K, used 64920K [0x00000000c0000000, 0x00000000c4000000, 0x00000000eab00000)
  object space 65536K, 99% used [0x00000000c0000000,0x00000000c3f66260,0x00000000c4000000)
 Metaspace       used 46228K, capacity 48502K, committed 48728K, reserved 1091584K
  class space    used 6380K, capacity 7231K, committed 7296K, reserved 1048576K
Event: 45.640 GC heap after
Heap after GC invocations=20 (full 3):
 PSYoungGen      total 257536K, used 0K [0x00000000eab00000, 0x00000000fca00000, 0x0000000100000000)
  eden space 230912K, 0% used [0x00000000eab00000,0x00000000eab00000,0x00000000f8c80000)
  from space 26624K, 0% used [0x00000000f8c80000,0x00000000f8c80000,0x00000000fa680000)
  to   space 26112K, 0% used [0x00000000fb080000,0x00000000fb080000,0x00000000fca00000)
 ParOldGen       total 65536K, used 55203K [0x00000000c0000000, 0x00000000c4000000, 0x00000000eab00000)
  object space 65536K, 84% used [0x00000000c0000000,0x00000000c35e8e20,0x00000000c4000000)
 Metaspace       used 46161K, capacity 48274K, committed 48728K, reserved 1091584K
  class space    used 6366K, capacity 7163K, committed 7296K, reserved 1048576K
}
Event: 58.251 GC heap before
{Heap before GC invocations=21 (full 4):
 PSYoungGen      total 257536K, used 230912K [0x00000000eab00000, 0x00000000fca00000, 0x0000000100000000)
  eden space 230912K, 100% used [0x00000000eab00000,0x00000000f8c80000,0x00000000f8c80000)
  from space 26624K, 0% used [0x00000000f8c80000,0x00000000f8c80000,0x00000000fa680000)
  to   space 26112K, 0% used [0x00000000fb080000,0x00000000fb080000,0x00000000fca00000)
 ParOldGen       total 65536K, used 55203K [0x00000000c0000000, 0x00000000c4000000, 0x00000000eab00000)
  object space 65536K, 84% used [0x00000000c0000000,0x00000000c35e8e20,0x00000000c4000000)
 Metaspace       used 54040K, capacity 57174K, committed 57304K, reserved 1097728K
  class space    used 7525K, capacity 8671K, committed 8704K, reserved 1048576K
Event: 59.881 GC heap after
Heap after GC invocations=21 (full 4):
 PSYoungGen      total 257536K, used 10956K [0x00000000eab00000, 0x00000000fca00000, 0x0000000100000000)
  eden space 230912K, 4% used [0x00000000eab00000,0x00000000eb5b33c8,0x00000000f8c80000)
  from space 26624K, 0% used [0x00000000f8c80000,0x00000000f8c80000,0x00000000fa680000)
  to   space 26112K, 0% used [0x00000000fb080000,0x00000000fb080000,0x00000000fca00000)
 ParOldGen       total 121344K, used 65435K [0x00000000c0000000, 0x00000000c7680000, 0x00000000eab00000)
  object space 121344K, 53% used [0x00000000c0000000,0x00000000c3fe6fc0,0x00000000c7680000)
 Metaspace       used 54040K, capacity 57174K, committed 57304K, reserved 1097728K
  class space    used 7525K, capacity 8671K, committed 8704K, reserved 1048576K
}
Event: 9874.182 GC heap before
{Heap before GC invocations=22 (full 4):
 PSYoungGen      total 257536K, used 230912K [0x00000000eab00000, 0x00000000fca00000, 0x0000000100000000)
  eden space 230912K, 100% used [0x00000000eab00000,0x00000000f8c80000,0x00000000f8c80000)
  from space 26624K, 0% used [0x00000000f8c80000,0x00000000f8c80000,0x00000000fa680000)
  to   space 26112K, 0% used [0x00000000fb080000,0x00000000fb080000,0x00000000fca00000)
 ParOldGen       total 121344K, used 65435K [0x00000000c0000000, 0x00000000c7680000, 0x00000000eab00000)
  object space 121344K, 53% used [0x00000000c0000000,0x00000000c3fe6fc0,0x00000000c7680000)
 Metaspace       used 55962K, capacity 59820K, committed 60120K, reserved 1099776K
  class space    used 7841K, capacity 9160K, committed 9216K, reserved 1048576K

